<?xml version="1.0" encoding="UTF-8"?>
<testng-results skipped="0" failed="0" ignored="0" total="21" passed="21">
  <reporter-output>
  </reporter-output>
  <suite name="Command line suite" duration-ms="134883" started-at="2023-01-18T20:59:17 MSK" finished-at="2023-01-18T21:01:32 MSK">
    <groups>
    </groups>
    <test name="Command line test" duration-ms="134883" started-at="2023-01-18T20:59:17 MSK" finished-at="2023-01-18T21:01:32 MSK">
      <class name="RestApiTest">
        <test-method status="PASS" signature="before()[pri:0, instance:RestApiTest@6fdbe764]" name="before" is-config="true" duration-ms="17" started-at="2023-01-18T20:59:17 MSK" finished-at="2023-01-18T20:59:17 MSK">
          <reporter-output>
          </reporter-output>
        </test-method> <!-- before -->
        <test-method status="PASS" signature="createBoardTest(java.util.HashMap)[pri:1, instance:RestApiTest@6fdbe764]" name="createBoardTest" duration-ms="3281" started-at="2023-01-18T20:59:17 MSK" description="Создание новой доски" data-provider="setBoardQueryParams" finished-at="2023-01-18T20:59:20 MSK">
          <params>
            <param index="0">
              <value>
                <![CDATA[{name=KanbanTool}]]>
              </value>
            </param>
          </params>
          <reporter-output>
          </reporter-output>
        </test-method> <!-- createBoardTest -->
        <test-method name="createListOnBoardTest" signature="createListOnBoardTest(java.util.HashMap)[pri:0, instance:RestApiTest@6fdbe764]" status="PASS" duration-ms="631" finished-at="2023-01-18T20:59:21 MSK" started-at="2023-01-18T20:59:20 MSK" depends-on-methods="RestApiTest.createBoardTest" data-provider="setListQueryParams" description="Создание новой колонки на доске">
          <params>
            <param index="0">
              <value>
                <![CDATA[{name=Backlog}]]>
              </value>
            </param>
          </params>
          <reporter-output>
          </reporter-output>
        </test-method> <!-- createListOnBoardTest -->
        <test-method name="addCardOnListTest" signature="addCardOnListTest(java.util.HashMap)[pri:0, instance:RestApiTest@6fdbe764]" status="PASS" duration-ms="817" finished-at="2023-01-18T20:59:21 MSK" started-at="2023-01-18T20:59:21 MSK" depends-on-methods="RestApiTest.createListOnBoardTest" data-provider="params" description="Создание карточки в колонке">
          <params>
            <param index="0">
              <value>
                <![CDATA[{}]]>
              </value>
            </param>
          </params>
          <reporter-output>
          </reporter-output>
        </test-method> <!-- addCardOnListTest -->
        <test-method name="addAttachmentOnCardTest" signature="addAttachmentOnCardTest(java.util.HashMap)[pri:0, instance:RestApiTest@6fdbe764]" status="PASS" duration-ms="1380" finished-at="2023-01-18T20:59:23 MSK" started-at="2023-01-18T20:59:21 MSK" depends-on-methods="RestApiTest.addCardOnListTest" data-provider="params" description="Проверка прикрепления изображения на карточку">
          <params>
            <param index="0">
              <value>
                <![CDATA[{}]]>
              </value>
            </param>
          </params>
          <reporter-output>
          </reporter-output>
        </test-method> <!-- addAttachmentOnCardTest -->
        <test-method name="createChecklistTest" signature="createChecklistTest(java.util.HashMap)[pri:0, instance:RestApiTest@6fdbe764]" status="PASS" duration-ms="669" finished-at="2023-01-18T20:59:24 MSK" started-at="2023-01-18T20:59:23 MSK" depends-on-methods="RestApiTest.addCardOnListTest" data-provider="params" description="Проверка создания чеклиста на карточке">
          <params>
            <param index="0">
              <value>
                <![CDATA[{}]]>
              </value>
            </param>
          </params>
          <reporter-output>
          </reporter-output>
        </test-method> <!-- createChecklistTest -->
        <test-method name="createCheckItemOnChecklistTest" signature="createCheckItemOnChecklistTest(java.util.HashMap)[pri:0, instance:RestApiTest@6fdbe764]" status="PASS" duration-ms="690" finished-at="2023-01-18T20:59:24 MSK" started-at="2023-01-18T20:59:24 MSK" depends-on-methods="RestApiTest.createChecklistTest" data-provider="params" description="Проверка создания дополнительных пунтков в чеклисте">
          <params>
            <param index="0">
              <value>
                <![CDATA[{}]]>
              </value>
            </param>
          </params>
          <reporter-output>
          </reporter-output>
        </test-method> <!-- createCheckItemOnChecklistTest -->
        <test-method name="createCheckItemOnChecklistTest2" signature="createCheckItemOnChecklistTest2(java.util.HashMap)[pri:0, instance:RestApiTest@6fdbe764]" status="PASS" duration-ms="615" finished-at="2023-01-18T20:59:25 MSK" started-at="2023-01-18T20:59:24 MSK" depends-on-methods="RestApiTest.createChecklistTest" data-provider="params" description="Проверка создания дополнительных пунтков в чеклисте">
          <params>
            <param index="0">
              <value>
                <![CDATA[{}]]>
              </value>
            </param>
          </params>
          <reporter-output>
          </reporter-output>
        </test-method> <!-- createCheckItemOnChecklistTest2 -->
        <test-method name="setDeadlineTest" signature="setDeadlineTest(java.util.HashMap)[pri:0, instance:RestApiTest@6fdbe764]" status="PASS" duration-ms="1235" finished-at="2023-01-18T20:59:26 MSK" started-at="2023-01-18T20:59:25 MSK" depends-on-methods="RestApiTest.addCardOnListTest" data-provider="getNextDay" description="Установка срока выполнения карточки на следующий день">
          <params>
            <param index="0">
              <value>
                <![CDATA[{due=2023-01-19}]]>
              </value>
            </param>
          </params>
          <reporter-output>
          </reporter-output>
        </test-method> <!-- setDeadlineTest -->
        <test-method name="setDescriptionOnCardTest" signature="setDescriptionOnCardTest(java.util.HashMap)[pri:0, instance:RestApiTest@6fdbe764]" status="PASS" duration-ms="1239" finished-at="2023-01-18T20:59:27 MSK" started-at="2023-01-18T20:59:26 MSK" depends-on-methods="RestApiTest.addCardOnListTest" data-provider="setUpdateCardParams" description="Добавление описания на карточке">
          <params>
            <param index="0">
              <value>
                <![CDATA[{desc=Тут будет отмечаться прогресс обучения}]]>
              </value>
            </param>
          </params>
          <reporter-output>
          </reporter-output>
        </test-method> <!-- setDescriptionOnCardTest -->
        <test-method name="updateCheckItemOnCardTest" signature="updateCheckItemOnCardTest(java.util.HashMap)[pri:0, instance:RestApiTest@6fdbe764]" status="PASS" duration-ms="672" finished-at="2023-01-18T20:59:28 MSK" started-at="2023-01-18T20:59:27 MSK" depends-on-methods="RestApiTest.createCheckItemOnChecklistTest" data-provider="params" description="Изменение состояния контрольного пункта">
          <params>
            <param index="0">
              <value>
                <![CDATA[{}]]>
              </value>
            </param>
          </params>
          <reporter-output>
          </reporter-output>
        </test-method> <!-- updateCheckItemOnCardTest -->
        <test-method name="createOtherListOnBoardTest" signature="createOtherListOnBoardTest(java.util.HashMap)[pri:0, instance:RestApiTest@6fdbe764]" status="PASS" duration-ms="616" finished-at="2023-01-18T20:59:29 MSK" started-at="2023-01-18T20:59:28 MSK" depends-on-methods="RestApiTest.updateCheckItemOnCardTest" data-provider="params" description="Создание дополнительной колонки">
          <params>
            <param index="0">
              <value>
                <![CDATA[{}]]>
              </value>
            </param>
          </params>
          <reporter-output>
          </reporter-output>
        </test-method> <!-- createOtherListOnBoardTest -->
        <test-method status="PASS" signature="updateCardTest()[pri:0, instance:RestApiTest@6fdbe764]" name="updateCardTest" duration-ms="744" started-at="2023-01-18T20:59:29 MSK" description="Проверка переноса карточки в другую колонку" depends-on-methods="RestApiTest.createOtherListOnBoardTest" finished-at="2023-01-18T20:59:29 MSK">
          <reporter-output>
          </reporter-output>
        </test-method> <!-- updateCardTest -->
        <test-method status="PASS" signature="archiveCardTest()[pri:0, instance:RestApiTest@6fdbe764]" name="archiveCardTest" duration-ms="685" started-at="2023-01-18T20:59:29 MSK" description="Проверка архивирования колонки" depends-on-methods="RestApiTest.updateCardTest" finished-at="2023-01-18T20:59:30 MSK">
          <reporter-output>
          </reporter-output>
        </test-method> <!-- archiveCardTest -->
        <test-method name="updateSecondCheckItemOnCardTest" signature="updateSecondCheckItemOnCardTest(java.util.HashMap)[pri:0, instance:RestApiTest@6fdbe764]" status="PASS" duration-ms="673" finished-at="2023-01-18T20:59:31 MSK" started-at="2023-01-18T20:59:30 MSK" depends-on-methods="RestApiTest.createCheckItemOnChecklistTest" data-provider="params" description="Изменение состояния контрольного пункта">
          <params>
            <param index="0">
              <value>
                <![CDATA[{}]]>
              </value>
            </param>
          </params>
          <reporter-output>
          </reporter-output>
        </test-method> <!-- updateSecondCheckItemOnCardTest -->
        <test-method name="addStickerTest" signature="addStickerTest(java.util.HashMap)[pri:0, instance:RestApiTest@6fdbe764]" status="PASS" duration-ms="549" finished-at="2023-01-18T20:59:31 MSK" started-at="2023-01-18T20:59:31 MSK" depends-on-methods="RestApiTest.updateSecondCheckItemOnCardTest" data-provider="params" description="Прикрепление эмоджи &quot;палец вверх&quot; на карточку">
          <params>
            <param index="0">
              <value>
                <![CDATA[{}]]>
              </value>
            </param>
          </params>
          <reporter-output>
          </reporter-output>
        </test-method> <!-- addStickerTest -->
      </class> <!-- RestApiTest -->
      <class name="UITest">
        <test-method status="PASS" signature="before()[pri:0, instance:UITest@229c6181]" name="before" is-config="true" duration-ms="69688" started-at="2023-01-18T20:59:31 MSK" finished-at="2023-01-18T21:00:41 MSK">
          <reporter-output>
          </reporter-output>
        </test-method> <!-- before -->
        <test-method status="PASS" signature="cardOnBoardTest()[pri:0, instance:UITest@229c6181]" name="cardOnBoardTest" duration-ms="3257" started-at="2023-01-18T21:00:41 MSK" description="Проверка отображения карточки в колонке" finished-at="2023-01-18T21:00:44 MSK">
          <reporter-output>
          </reporter-output>
        </test-method> <!-- cardOnBoardTest -->
        <test-method status="PASS" signature="completeCheckboxTest()[pri:0, instance:UITest@229c6181]" name="completeCheckboxTest" duration-ms="2124" started-at="2023-01-18T21:00:44 MSK" description="Проверка выполнения пунктов чекбоксов" depends-on-methods="UITest.cardOnBoardTest" finished-at="2023-01-18T21:00:46 MSK">
          <reporter-output>
          </reporter-output>
        </test-method> <!-- completeCheckboxTest -->
        <test-method status="PASS" signature="setCoverColorTest()[pri:0, instance:UITest@229c6181]" name="setCoverColorTest" duration-ms="1669" started-at="2023-01-18T21:00:46 MSK" description="Проверка установки зеленой обложки для карточки" depends-on-methods="UITest.completeCheckboxTest" finished-at="2023-01-18T21:00:48 MSK">
          <reporter-output>
          </reporter-output>
        </test-method> <!-- setCoverColorTest -->
        <test-method status="PASS" signature="completeTaskTest()[pri:0, instance:UITest@229c6181]" name="completeTaskTest" duration-ms="240" started-at="2023-01-18T21:00:48 MSK" description="Проверка выполнения задания в срок" depends-on-methods="UITest.setCoverColorTest" finished-at="2023-01-18T21:00:48 MSK">
          <reporter-output>
          </reporter-output>
        </test-method> <!-- completeTaskTest -->
        <test-method status="PASS" signature="setBackgroundColorTest()[pri:0, instance:UITest@229c6181]" name="setBackgroundColorTest" duration-ms="462" started-at="2023-01-18T21:00:48 MSK" description="Проверка установка зеленого фона" depends-on-methods="UITest.completeTaskTest" finished-at="2023-01-18T21:00:49 MSK">
          <reporter-output>
          </reporter-output>
        </test-method> <!-- setBackgroundColorTest -->
        <test-method status="PASS" signature="setNewBoardNameTest()[pri:0, instance:UITest@229c6181]" name="setNewBoardNameTest" duration-ms="2382" started-at="2023-01-18T21:00:49 MSK" description="Проверка смены названия доски" depends-on-methods="UITest.setBackgroundColorTest" finished-at="2023-01-18T21:00:51 MSK">
          <reporter-output>
          </reporter-output>
        </test-method> <!-- setNewBoardNameTest -->
        <test-method status="FAIL" signature="after()[pri:0, instance:UITest@229c6181]" name="after" is-config="true" duration-ms="40276" started-at="2023-01-18T21:00:51 MSK" finished-at="2023-01-18T21:01:32 MSK">
          <exception class="org.openqa.selenium.WebDriverException">
            <message>
              <![CDATA[disconnected: unable to connect to renderer
  (failed to check if window was closed: disconnected: unable to connect to renderer)
  (Session info: chrome=109.0.5414.74)
Build info: version: '4.6.0', revision: '79f1c02ae20'
System info: os.name: 'Windows 10', os.arch: 'amd64', os.version: '10.0', java.version: '1.8.0_321'
Driver info: org.openqa.selenium.chrome.ChromeDriver
Command: [7d8a972bcfb236ac64603fb4d7956687, close {}]
Capabilities {acceptInsecureCerts: false, browserName: chrome, browserVersion: 109.0.5414.74, chrome: {chromedriverVersion: 109.0.5414.74 (e7c5703604da..., userDataDir: C:\Users\Sobolev\AppData\Lo...}, goog:chromeOptions: {debuggerAddress: localhost:49673}, networkConnectionEnabled: false, pageLoadStrategy: normal, platformName: WINDOWS, proxy: Proxy(), se:cdp: ws://localhost:49673/devtoo..., se:cdpVersion: 109.0.5414.74, setWindowRect: true, strictFileInteractability: false, timeouts: {implicit: 0, pageLoad: 300000, script: 30000}, unhandledPromptBehavior: dismiss and notify, webauthn:extension:credBlob: true, webauthn:extension:largeBlob: true, webauthn:virtualAuthenticators: true}
Session ID: 7d8a972bcfb236ac64603fb4d7956687]]>
            </message>
            <full-stacktrace>
              <![CDATA[org.openqa.selenium.WebDriverException: disconnected: unable to connect to renderer
  (failed to check if window was closed: disconnected: unable to connect to renderer)
  (Session info: chrome=109.0.5414.74)
Build info: version: '4.6.0', revision: '79f1c02ae20'
System info: os.name: 'Windows 10', os.arch: 'amd64', os.version: '10.0', java.version: '1.8.0_321'
Driver info: org.openqa.selenium.chrome.ChromeDriver
Command: [7d8a972bcfb236ac64603fb4d7956687, close {}]
Capabilities {acceptInsecureCerts: false, browserName: chrome, browserVersion: 109.0.5414.74, chrome: {chromedriverVersion: 109.0.5414.74 (e7c5703604da..., userDataDir: C:\Users\Sobolev\AppData\Lo...}, goog:chromeOptions: {debuggerAddress: localhost:49673}, networkConnectionEnabled: false, pageLoadStrategy: normal, platformName: WINDOWS, proxy: Proxy(), se:cdp: ws://localhost:49673/devtoo..., se:cdpVersion: 109.0.5414.74, setWindowRect: true, strictFileInteractability: false, timeouts: {implicit: 0, pageLoad: 300000, script: 30000}, unhandledPromptBehavior: dismiss and notify, webauthn:extension:credBlob: true, webauthn:extension:largeBlob: true, webauthn:virtualAuthenticators: true}
Session ID: 7d8a972bcfb236ac64603fb4d7956687
at sun.reflect.NativeConstructorAccessorImpl.newInstance0(Native Method)
at sun.reflect.NativeConstructorAccessorImpl.newInstance(NativeConstructorAccessorImpl.java:62)
at sun.reflect.DelegatingConstructorAccessorImpl.newInstance(DelegatingConstructorAccessorImpl.java:45)
at java.lang.reflect.Constructor.newInstance(Constructor.java:423)
at org.openqa.selenium.remote.codec.w3c.W3CHttpResponseCodec.createException(W3CHttpResponseCodec.java:200)
at org.openqa.selenium.remote.codec.w3c.W3CHttpResponseCodec.decode(W3CHttpResponseCodec.java:133)
at org.openqa.selenium.remote.codec.w3c.W3CHttpResponseCodec.decode(W3CHttpResponseCodec.java:53)
at org.openqa.selenium.remote.HttpCommandExecutor.execute(HttpCommandExecutor.java:184)
at org.openqa.selenium.remote.service.DriverCommandExecutor.invokeExecute(DriverCommandExecutor.java:167)
at org.openqa.selenium.remote.service.DriverCommandExecutor.execute(DriverCommandExecutor.java:142)
at org.openqa.selenium.remote.RemoteWebDriver.execute(RemoteWebDriver.java:541)
at org.openqa.selenium.remote.RemoteWebDriver.execute(RemoteWebDriver.java:596)
at org.openqa.selenium.remote.RemoteWebDriver.execute(RemoteWebDriver.java:600)
at org.openqa.selenium.remote.RemoteWebDriver.close(RemoteWebDriver.java:432)
at UITest.after(UITest.java:37)
at sun.reflect.NativeMethodAccessorImpl.invoke0(Native Method)
at sun.reflect.NativeMethodAccessorImpl.invoke(NativeMethodAccessorImpl.java:62)
at sun.reflect.DelegatingMethodAccessorImpl.invoke(DelegatingMethodAccessorImpl.java:43)
at java.lang.reflect.Method.invoke(Method.java:498)
at org.testng.internal.MethodInvocationHelper.invokeMethod(MethodInvocationHelper.java:133)
at org.testng.internal.MethodInvocationHelper.invokeMethodConsideringTimeout(MethodInvocationHelper.java:62)
at org.testng.internal.ConfigInvoker.invokeConfigurationMethod(ConfigInvoker.java:385)
at org.testng.internal.ConfigInvoker.invokeConfigurations(ConfigInvoker.java:321)
at org.testng.internal.TestMethodWorker.invokeAfterClassMethods(TestMethodWorker.java:217)
at org.testng.internal.TestMethodWorker.run(TestMethodWorker.java:130)
at java.util.ArrayList.forEach(ArrayList.java:1259)
at org.testng.TestRunner.privateRun(TestRunner.java:794)
at org.testng.TestRunner.run(TestRunner.java:596)
at org.testng.SuiteRunner.runTest(SuiteRunner.java:377)
at org.testng.SuiteRunner.runSequentially(SuiteRunner.java:371)
at org.testng.SuiteRunner.privateRun(SuiteRunner.java:332)
at org.testng.SuiteRunner.run(SuiteRunner.java:276)
at org.testng.SuiteRunnerWorker.runSuite(SuiteRunnerWorker.java:53)
at org.testng.SuiteRunnerWorker.run(SuiteRunnerWorker.java:96)
at org.testng.TestNG.runSuitesSequentially(TestNG.java:1212)
at org.testng.TestNG.runSuitesLocally(TestNG.java:1134)
at org.testng.TestNG.runSuites(TestNG.java:1063)
at org.testng.TestNG.run(TestNG.java:1031)
at Runner.startTest(Runner.java:8)
at Main.main(Main.java:4)
]]>
            </full-stacktrace>
          </exception> <!-- org.openqa.selenium.WebDriverException -->
          <reporter-output>
          </reporter-output>
        </test-method> <!-- after -->
      </class> <!-- UITest -->
    </test> <!-- Command line test -->
  </suite> <!-- Command line suite -->
</testng-results>
